{"C:\\github\\x2-vue\\src\\assets\\logo.svg": {"path":"C:\\github\\x2-vue\\src\\assets\\logo.svg","statementMap":{"0":{"start":{"line":1,"column":0},"end":{"line":1,"column":19}}},"fnMap":{},"branchMap":{},"s":{"0":1},"f":{},"b":{},"_coverageSchema":"43e27e138ebf9cfc5966b082cf9a028302ed4184","hash":"e6b31addcb68cf306fa2e498b7f2f4d8c013075b"}
,"C:\\github\\x2-vue\\src\\components\\HelloWorld.vue": {"path":"C:\\github\\x2-vue\\src\\components\\HelloWorld.vue","statementMap":{"0":{"start":{"line":81,"column":0},"end":{"line":81,"column":null}}},"fnMap":{"0":{"name":"(anonymous_1)","decl":{"start":{"line":81,"column":0},"end":{"line":81,"column":null}},"loc":{"start":{"line":81,"column":0},"end":{"line":81,"column":null}}}},"branchMap":{},"s":{"0":2},"f":{"0":2},"b":{}}
}
